<?xml version="1.0" encoding="UTF-8"?>
<testng-results ignored="0" total="2" passed="2" failed="0" skipped="0">
  <reporter-output>
  </reporter-output>
  <suite started-at="2025-07-01T01:03:47 IST" name="DevOpsTestSuite" finished-at="2025-07-01T01:04:11 IST" duration-ms="24150">
    <groups>
    </groups>
    <test started-at="2025-07-01T01:03:47 IST" name="AllTests" finished-at="2025-07-01T01:04:11 IST" duration-ms="24150">
      <class name="com.devops.ui.GoogleTest">
        <test-method is-config="true" signature="setup()[pri:0, instance:com.devops.ui.GoogleTest@7f552bd3]" started-at="2025-07-01T01:03:47 IST" name="setup" finished-at="2025-07-01T01:04:04 IST" duration-ms="16713" status="PASS">
          <reporter-output>
          </reporter-output>
        </test-method> <!-- setup -->
        <test-method signature="testGoogleSearch()[pri:0, instance:com.devops.ui.GoogleTest@7f552bd3]" started-at="2025-07-01T01:04:04 IST" name="testGoogleSearch" finished-at="2025-07-01T01:04:06 IST" duration-ms="2217" status="PASS">
          <reporter-output>
          </reporter-output>
        </test-method> <!-- testGoogleSearch -->
        <test-method is-config="true" signature="teardown()[pri:0, instance:com.devops.ui.GoogleTest@7f552bd3]" started-at="2025-07-01T01:04:06 IST" name="teardown" finished-at="2025-07-01T01:04:06 IST" duration-ms="159" status="PASS">
          <reporter-output>
          </reporter-output>
        </test-method> <!-- teardown -->
      </class> <!-- com.devops.ui.GoogleTest -->
      <class name="com.devops.api.DemoAPITest">
        <test-method signature="testAPI()[pri:0, instance:com.devops.api.DemoAPITest@149e0f5d]" started-at="2025-07-01T01:04:06 IST" name="testAPI" finished-at="2025-07-01T01:04:11 IST" duration-ms="4958" status="PASS">
          <reporter-output>
          </reporter-output>
        </test-method> <!-- testAPI -->
      </class> <!-- com.devops.api.DemoAPITest -->
    </test> <!-- AllTests -->
  </suite> <!-- DevOpsTestSuite -->
</testng-results>
